!SESSION 2019-03-23 21:21:20.730 -----------------------------------------------
eclipse.buildId=4.10.0.I20181206-0815
java.version=1.8.0_202
java.vendor=Oracle Corporation
BootLoader constants: OS=win32, ARCH=x86_64, WS=win32, NL=en_GB
Framework arguments:  -product org.eclipse.epp.package.java.product
Command-line arguments:  -os win32 -ws win32 -arch x86_64 -product org.eclipse.epp.package.java.product

!ENTRY org.eclipse.egit.ui 2 0 2019-03-23 21:22:25.205
!MESSAGE Warning: The environment variable HOME is not set. The following directory will be used to store the Git
user global configuration and to define the default location to store repositories: 'C:\Users\Kiranmai.adams'. If this is
not correct please set the HOME environment variable and restart Eclipse. Otherwise Git for Windows and
EGit might behave differently since they see different configuration options.
This warning can be switched off on the Team > Git > Confirmations and Warnings preference page.
!SESSION 2019-03-24 12:58:25.898 -----------------------------------------------
eclipse.buildId=4.10.0.I20181206-0815
java.version=1.8.0_202
java.vendor=Oracle Corporation
BootLoader constants: OS=win32, ARCH=x86_64, WS=win32, NL=en_GB
Framework arguments:  -product org.eclipse.epp.package.java.product
Command-line arguments:  -os win32 -ws win32 -arch x86_64 -product org.eclipse.epp.package.java.product

!ENTRY org.eclipse.egit.ui 2 0 2019-03-24 12:59:13.566
!MESSAGE Warning: The environment variable HOME is not set. The following directory will be used to store the Git
user global configuration and to define the default location to store repositories: 'C:\Users\Kiranmai.adams'. If this is
not correct please set the HOME environment variable and restart Eclipse. Otherwise Git for Windows and
EGit might behave differently since they see different configuration options.
This warning can be switched off on the Team > Git > Confirmations and Warnings preference page.
!SESSION 2019-03-25 13:36:03.852 -----------------------------------------------
eclipse.buildId=4.10.0.I20181206-0815
java.version=1.8.0_202
java.vendor=Oracle Corporation
BootLoader constants: OS=win32, ARCH=x86_64, WS=win32, NL=en_GB
Framework arguments:  -product org.eclipse.epp.package.java.product
Command-line arguments:  -os win32 -ws win32 -arch x86_64 -product org.eclipse.epp.package.java.product

!ENTRY org.eclipse.egit.ui 2 0 2019-03-25 13:36:32.986
!MESSAGE Warning: The environment variable HOME is not set. The following directory will be used to store the Git
user global configuration and to define the default location to store repositories: 'C:\Users\Kiranmai.adams'. If this is
not correct please set the HOME environment variable and restart Eclipse. Otherwise Git for Windows and
EGit might behave differently since they see different configuration options.
This warning can be switched off on the Team > Git > Confirmations and Warnings preference page.
!SESSION 2019-03-25 13:49:01.399 -----------------------------------------------
eclipse.buildId=4.10.0.I20181206-0815
java.version=1.8.0_202
java.vendor=Oracle Corporation
BootLoader constants: OS=win32, ARCH=x86_64, WS=win32, NL=en_GB
Framework arguments:  -product org.eclipse.epp.package.java.product -product org.eclipse.epp.package.java.product
Command-line arguments:  -os win32 -ws win32 -arch x86_64 -product org.eclipse.epp.package.java.product -data file:/C:/TestCI/ -product org.eclipse.epp.package.java.product

!ENTRY org.eclipse.egit.ui 2 0 2019-03-25 13:49:16.629
!MESSAGE Warning: The environment variable HOME is not set. The following directory will be used to store the Git
user global configuration and to define the default location to store repositories: 'C:\Users\Kiranmai.adams'. If this is
not correct please set the HOME environment variable and restart Eclipse. Otherwise Git for Windows and
EGit might behave differently since they see different configuration options.
This warning can be switched off on the Team > Git > Confirmations and Warnings preference page.

!ENTRY org.eclipse.jdt.core 4 0 2019-03-25 13:52:27.143
!MESSAGE Invalid ZIP archive: C:\Users\Kiranmai.adams\Downloads\jdk-8u202-windows-x64.exe

!ENTRY org.eclipse.jdt.core 4 0 2019-03-25 13:58:28.902
!MESSAGE Invalid ZIP archive: C:\Users\Kiranmai.adams\Downloads\jdk-8u202-windows-x64.exe

!ENTRY org.eclipse.m2e.logback.appender 4 0 2019-03-25 14:24:22.145
!MESSAGE Could not download sources for com.google.code.findbugs:jsr305:2.0.1
!STACK 1
org.eclipse.core.runtime.CoreException: Could not resolve artifact com.google.code.findbugs:jsr305:jar:sources:2.0.1
	at org.eclipse.m2e.core.internal.embedder.MavenImpl.lambda$4(MavenImpl.java:763)
	at org.eclipse.m2e.core.internal.embedder.MavenExecutionContext.executeBare(MavenExecutionContext.java:177)
	at org.eclipse.m2e.core.internal.embedder.MavenExecutionContext.execute(MavenExecutionContext.java:112)
	at org.eclipse.m2e.core.internal.embedder.MavenExecutionContext.execute(MavenExecutionContext.java:99)
	at org.eclipse.m2e.core.internal.embedder.MavenImpl.resolve(MavenImpl.java:731)
	at org.eclipse.m2e.core.internal.embedder.MavenImpl.resolve(MavenImpl.java:708)
	at org.eclipse.m2e.jdt.internal.DownloadSourcesJob.download(DownloadSourcesJob.java:279)
	at org.eclipse.m2e.jdt.internal.DownloadSourcesJob.downloadAttachments(DownloadSourcesJob.java:254)
	at org.eclipse.m2e.jdt.internal.DownloadSourcesJob.downloadMaven(DownloadSourcesJob.java:221)
	at org.eclipse.m2e.jdt.internal.DownloadSourcesJob.run(DownloadSourcesJob.java:161)
	at org.eclipse.m2e.jdt.internal.DownloadSourcesJob$1.call(DownloadSourcesJob.java:137)
	at org.eclipse.m2e.jdt.internal.DownloadSourcesJob$1.call(DownloadSourcesJob.java:1)
	at org.eclipse.m2e.core.internal.embedder.MavenExecutionContext.executeBare(MavenExecutionContext.java:177)
	at org.eclipse.m2e.core.internal.embedder.MavenExecutionContext.execute(MavenExecutionContext.java:151)
	at org.eclipse.m2e.core.internal.embedder.MavenExecutionContext.execute(MavenExecutionContext.java:99)
	at org.eclipse.m2e.core.internal.embedder.MavenImpl.execute(MavenImpl.java:1336)
	at org.eclipse.m2e.jdt.internal.DownloadSourcesJob.run(DownloadSourcesJob.java:135)
	at org.eclipse.core.internal.jobs.Worker.run(Worker.java:63)
Contains: Missing com.google.code.findbugs:jsr305:jar:sources:2.0.1
!SUBENTRY 1 org.eclipse.m2e.core 4 -1 2019-03-25 14:24:22.146
!MESSAGE Could not resolve artifact com.google.code.findbugs:jsr305:jar:sources:2.0.1
!SUBENTRY 2 org.eclipse.m2e.core 4 -1 2019-03-25 14:24:22.146
!MESSAGE Missing com.google.code.findbugs:jsr305:jar:sources:2.0.1

!ENTRY org.eclipse.m2e.logback.appender 4 0 2019-03-25 14:24:25.205
!MESSAGE Could not download javadoc for com.google.code.findbugs:jsr305:2.0.1
!STACK 1
org.eclipse.core.runtime.CoreException: Could not resolve artifact com.google.code.findbugs:jsr305:jar:javadoc:2.0.1
	at org.eclipse.m2e.core.internal.embedder.MavenImpl.lambda$4(MavenImpl.java:763)
	at org.eclipse.m2e.core.internal.embedder.MavenExecutionContext.executeBare(MavenExecutionContext.java:177)
	at org.eclipse.m2e.core.internal.embedder.MavenExecutionContext.execute(MavenExecutionContext.java:112)
	at org.eclipse.m2e.core.internal.embedder.MavenExecutionContext.execute(MavenExecutionContext.java:99)
	at org.eclipse.m2e.core.internal.embedder.MavenImpl.resolve(MavenImpl.java:731)
	at org.eclipse.m2e.core.internal.embedder.MavenImpl.resolve(MavenImpl.java:708)
	at org.eclipse.m2e.jdt.internal.DownloadSourcesJob.download(DownloadSourcesJob.java:279)
	at org.eclipse.m2e.jdt.internal.DownloadSourcesJob.downloadAttachments(DownloadSourcesJob.java:265)
	at org.eclipse.m2e.jdt.internal.DownloadSourcesJob.downloadMaven(DownloadSourcesJob.java:221)
	at org.eclipse.m2e.jdt.internal.DownloadSourcesJob.run(DownloadSourcesJob.java:161)
	at org.eclipse.m2e.jdt.internal.DownloadSourcesJob$1.call(DownloadSourcesJob.java:137)
	at org.eclipse.m2e.jdt.internal.DownloadSourcesJob$1.call(DownloadSourcesJob.java:1)
	at org.eclipse.m2e.core.internal.embedder.MavenExecutionContext.executeBare(MavenExecutionContext.java:177)
	at org.eclipse.m2e.core.internal.embedder.MavenExecutionContext.execute(MavenExecutionContext.java:151)
	at org.eclipse.m2e.core.internal.embedder.MavenExecutionContext.execute(MavenExecutionContext.java:99)
	at org.eclipse.m2e.core.internal.embedder.MavenImpl.execute(MavenImpl.java:1336)
	at org.eclipse.m2e.jdt.internal.DownloadSourcesJob.run(DownloadSourcesJob.java:135)
	at org.eclipse.core.internal.jobs.Worker.run(Worker.java:63)
Contains: Missing com.google.code.findbugs:jsr305:jar:javadoc:2.0.1
!SUBENTRY 1 org.eclipse.m2e.core 4 -1 2019-03-25 14:24:25.205
!MESSAGE Could not resolve artifact com.google.code.findbugs:jsr305:jar:javadoc:2.0.1
!SUBENTRY 2 org.eclipse.m2e.core 4 -1 2019-03-25 14:24:25.206
!MESSAGE Missing com.google.code.findbugs:jsr305:jar:javadoc:2.0.1

!ENTRY org.testng.eclipse 1 0 2019-03-25 14:31:32.856
!MESSAGE [TestNGLaunchConfigurationDelegate] Launching:
  Classpath: C:\Users\Kiranmai.adams\eclipse\java-2018-122\eclipse\configuration\org.eclipse.osgi\528\0\.cp\lib\testng-remote.jar C:\Users\Kiranmai.adams\Downloads\STATravelTest\target\test-classes C:\Users\Kiranmai.adams\Downloads\STATravelTest\target\classes C:\Users\Kiranmai.adams\.p2\pool\plugins\org.junit_4.12.0.v201504281640\junit.jar C:\Users\Kiranmai.adams\.p2\pool\plugins\org.hamcrest.core_1.3.0.v20180420-1519.jar C:\Users\Kiranmai.adams\.p2\pool\plugins\org.testng_6.14.3.r201802240500.jar C:\Users\Kiranmai.adams\.p2\pool\plugins\com.beust.jcommander_1.72.0.jar C:\Users\Kiranmai.adams\.p2\pool\plugins\org.apache-extras.beanshell.bsh_2.0.0.b6.jar C:\Users\Kiranmai.adams\.p2\pool\plugins\org.yaml.snakeyaml_1.17.0.jar C:\Users\Kiranmai.adams\.m2\repository C:\Automation\selenium-server-standalone-3.141.59.jar C:\Users\Kiranmai.adams\Downloads\activation-1.1.jar C:\Users\Kiranmai.adams\Downloads\mail.jar C:\Users\Kiranmai.adams\Downloads\selenium-2.48.2\selenium-java-2.48.2.jar C:\Users\Kiranmai.adams\Downloads\selenium-2.48.2\selenium-java-2.48.2-srcs.jar C:\Users\Kiranmai.adams\Downloads\selenium-2.48.2\libs\apache-mime4j-0.6.jar C:\Users\Kiranmai.adams\Downloads\selenium-2.48.2\libs\bsh-2.0b4.jar C:\Users\Kiranmai.adams\Downloads\selenium-2.48.2\libs\cglib-nodep-2.1_3.jar C:\Users\Kiranmai.adams\Downloads\selenium-2.48.2\libs\commons-codec-1.10.jar C:\Users\Kiranmai.adams\Downloads\selenium-2.48.2\libs\commons-collections-3.2.1.jar C:\Users\Kiranmai.adams\Downloads\selenium-2.48.2\libs\commons-el-1.0.jar C:\Users\Kiranmai.adams\Downloads\selenium-2.48.2\libs\commons-exec-1.3.jar C:\Users\Kiranmai.adams\Downloads\selenium-2.48.2\libs\commons-io-2.4.jar C:\Users\Kiranmai.adams\Downloads\selenium-2.48.2\libs\commons-lang3-3.4.jar C:\Users\Kiranmai.adams\Downloads\selenium-2.48.2\libs\commons-logging-1.2.jar C:\Users\Kiranmai.adams\Downloads\selenium-2.48.2\libs\cssparser-0.9.16.jar C:\Users\Kiranmai.adams\Downloads\selenium-2.48.2\libs\gson-2.3.1.jar C:\Users\Kiranmai.adams\Downloads\selenium-2.48.2\libs\guava-18.0.jar C:\Users\Kiranmai.adams\Downloads\selenium-2.48.2\libs\hamcrest-core-1.3.jar C:\Users\Kiranmai.adams\Downloads\selenium-2.48.2\libs\hamcrest-library-1.3.jar C:\Users\Kiranmai.adams\Downloads\selenium-2.48.2\libs\htmlunit-2.18.jar C:\Users\Kiranmai.adams\Downloads\selenium-2.48.2\libs\htmlunit-core-js-2.17.jar C:\Users\Kiranmai.adams\Downloads\selenium-2.48.2\libs\httpclient-4.5.1.jar C:\Users\Kiranmai.adams\Downloads\selenium-2.48.2\libs\httpcore-4.4.3.jar C:\Users\Kiranmai.adams\Downloads\selenium-2.48.2\libs\httpmime-4.5.jar C:\Users\Kiranmai.adams\Downloads\selenium-2.48.2\libs\jasper-compiler-5.5.15.jar C:\Users\Kiranmai.adams\Downloads\selenium-2.48.2\libs\jasper-compiler-jdt-5.5.15.jar C:\Users\Kiranmai.adams\Downloads\selenium-2.48.2\libs\jasper-runtime-5.5.15.jar C:\Users\Kiranmai.adams\Downloads\selenium-2.48.2\libs\javax.servlet-api-3.1.0.jar C:\Users\Kiranmai.adams\Downloads\selenium-2.48.2\libs\jcommander-1.48.jar C:\Users\Kiranmai.adams\Downloads\selenium-2.48.2\libs\jetty-continuation-9.2.13.v20150730.jar C:\Users\Kiranmai.adams\Downloads\selenium-2.48.2\libs\jetty-http-9.2.13.v20150730.jar C:\Users\Kiranmai.adams\Downloads\selenium-2.48.2\libs\jetty-io-9.2.13.v20150730.jar C:\Users\Kiranmai.adams\Downloads\selenium-2.48.2\libs\jetty-jmx-9.2.13.v20150730.jar C:\Users\Kiranmai.adams\Downloads\selenium-2.48.2\libs\jetty-security-9.2.13.v20150730.jar C:\Users\Kiranmai.adams\Downloads\selenium-2.48.2\libs\jetty-server-9.2.13.v20150730.jar C:\Users\Kiranmai.adams\Downloads\selenium-2.48.2\libs\jetty-servlet-9.2.13.v20150730.jar C:\Users\Kiranmai.adams\Downloads\selenium-2.48.2\libs\jetty-servlets-9.2.13.v20150730.jar C:\Users\Kiranmai.adams\Downloads\selenium-2.48.2\libs\jetty-util-9.2.13.v20150730.jar C:\Users\Kiranmai.adams\Downloads\selenium-2.48.2\libs\jna-4.1.0.jar C:\Users\Kiranmai.adams\Downloads\selenium-2.48.2\libs\jna-platform-4.1.0.jar C:\Users\Kiranmai.adams\Downloads\selenium-2.48.2\libs\jsp-api-2.0.jar C:\Users\Kiranmai.adams\Downloads\selenium-2.48.2\libs\junit-4.12.jar C:\Users\Kiranmai.adams\Downloads\selenium-2.48.2\libs\nekohtml-1.9.22.jar C:\Users\Kiranmai.adams\Downloads\selenium-2.48.2\libs\netty-3.5.7.Final.jar C:\Users\Kiranmai.adams\Downloads\selenium-2.48.2\libs\phantomjsdriver-1.2.1.jar C:\Users\Kiranmai.adams\Downloads\selenium-2.48.2\libs\sac-1.3.jar C:\Users\Kiranmai.adams\Downloads\selenium-2.48.2\libs\serializer-2.7.2.jar C:\Users\Kiranmai.adams\Downloads\selenium-2.48.2\libs\testng-6.9.6.jar C:\Users\Kiranmai.adams\Downloads\selenium-2.48.2\libs\websocket-api-9.2.13.v20150730.jar C:\Users\Kiranmai.adams\Downloads\selenium-2.48.2\libs\websocket-client-9.2.13.v20150730.jar C:\Users\Kiranmai.adams\Downloads\selenium-2.48.2\libs\websocket-common-9.2.13.v20150730.jar C:\Users\Kiranmai.adams\Downloads\selenium-2.48.2\libs\xalan-2.7.2.jar C:\Users\Kiranmai.adams\Downloads\selenium-2.48.2\libs\xercesImpl-2.11.0.jar C:\Users\Kiranmai.adams\Downloads\selenium-2.48.2\libs\xml-apis-1.4.01.jar C:\Users\Kiranmai.adams\.m2\repository\info\cukes\cucumber-java\1.2.5\cucumber-java-1.2.5.jar C:\Users\Kiranmai.adams\.m2\repository\info\cukes\cucumber-core\1.2.5\cucumber-core-1.2.5.jar C:\Users\Kiranmai.adams\.m2\repository\info\cukes\cucumber-html\0.2.3\cucumber-html-0.2.3.jar C:\Users\Kiranmai.adams\.m2\repository\info\cukes\cucumber-jvm-deps\1.0.5\cucumber-jvm-deps-1.0.5.jar C:\Users\Kiranmai.adams\.m2\repository\info\cukes\gherkin\2.12.2\gherkin-2.12.2.jar C:\Users\Kiranmai.adams\.m2\repository\info\cukes\cucumber-junit\1.2.5\cucumber-junit-1.2.5.jar C:\Users\Kiranmai.adams\.m2\repository\info\cukes\cucumber-testng\1.2.5\cucumber-testng-1.2.5.jar C:\Users\Kiranmai.adams\.m2\repository\org\testng\testng\6.14.3\testng-6.14.3.jar C:\Users\Kiranmai.adams\.m2\repository\com\beust\jcommander\1.72\jcommander-1.72.jar C:\Users\Kiranmai.adams\.m2\repository\org\apache-extras\beanshell\bsh\2.0b6\bsh-2.0b6.jar C:\Users\Kiranmai.adams\.m2\repository\junit\junit\4.11\junit-4.11.jar C:\Users\Kiranmai.adams\.m2\repository\org\hamcrest\hamcrest-core\1.3\hamcrest-core-1.3.jar C:\Users\Kiranmai.adams\.m2\repository\org\apache\maven\surefire\surefire-junit47\2.18.1\surefire-junit47-2.18.1.jar C:\Users\Kiranmai.adams\.m2\repository\com\github\stephenc\jcip\jcip-annotations\1.0-1\jcip-annotations-1.0-1.jar C:\Users\Kiranmai.adams\.m2\repository\org\apache\maven\surefire\common-junit48\2.18.1\common-junit48-2.18.1.jar C:\Users\Kiranmai.adams\.m2\repository\org\apache\maven\surefire\common-junit4\2.18.1\common-junit4-2.18.1.jar C:\Users\Kiranmai.adams\.m2\repository\org\apache\maven\surefire\common-junit3\2.18.1\common-junit3-2.18.1.jar C:\Users\Kiranmai.adams\.m2\repository\org\apache\maven\surefire\surefire-grouper\2.18.1\surefire-grouper-2.18.1.jar C:\Users\Kiranmai.adams\.m2\repository\org\apache\maven\shared\maven-shared-utils\0.4\maven-shared-utils-0.4.jar C:\Users\Kiranmai.adams\.m2\repository\com\google\code\findbugs\jsr305\2.0.1\jsr305-2.0.1.jar C:\Users\Kiranmai.adams\.m2\repository\org\apache\maven\surefire\surefire-api\2.18.1\surefire-api-2.18.1.jar C:\Users\Kiranmai.adams\.m2\repository\org\apache\maven\surefire\surefire-testng\2.18.1\surefire-testng-2.18.1.jar C:\Users\Kiranmai.adams\.m2\repository\org\apache\maven\surefire\common-java5\2.18.1\common-java5-2.18.1.jar C:\Users\Kiranmai.adams\.m2\repository\org\apache\maven\surefire\surefire-testng-utils\2.18.1\surefire-testng-utils-2.18.1.jar C:\Users\Kiranmai.adams\.m2\repository\org\testng\testng\5.7\testng-5.7-jdk15.jar
  VMArgs:    -ea
  Class:     org.testng.remote.RemoteTestNG
  Args:      -serport 56916 -protocol json -d C:\Users\Kiranmai.adams\Downloads\STATravelTest\test-output C:\Users\KIRANM~1.ADA\AppData\Local\Temp\testng-eclipse--1753336929\testng-customsuite.xml
java -ea -classpath C:\Users\Kiranmai.adams\eclipse\java-2018-122\eclipse\configuration\org.eclipse.osgi\528\0\.cp\lib\testng-remote.jar:C:\Users\Kiranmai.adams\Downloads\STATravelTest\target\test-classes:C:\Users\Kiranmai.adams\Downloads\STATravelTest\target\classes:C:\Users\Kiranmai.adams\.p2\pool\plugins\org.junit_4.12.0.v201504281640\junit.jar:C:\Users\Kiranmai.adams\.p2\pool\plugins\org.hamcrest.core_1.3.0.v20180420-1519.jar:C:\Users\Kiranmai.adams\.p2\pool\plugins\org.testng_6.14.3.r201802240500.jar:C:\Users\Kiranmai.adams\.p2\pool\plugins\com.beust.jcommander_1.72.0.jar:C:\Users\Kiranmai.adams\.p2\pool\plugins\org.apache-extras.beanshell.bsh_2.0.0.b6.jar:C:\Users\Kiranmai.adams\.p2\pool\plugins\org.yaml.snakeyaml_1.17.0.jar:C:\Users\Kiranmai.adams\.m2\repository:C:\Automation\selenium-server-standalone-3.141.59.jar:C:\Users\Kiranmai.adams\Downloads\activation-1.1.jar:C:\Users\Kiranmai.adams\Downloads\mail.jar:C:\Users\Kiranmai.adams\Downloads\selenium-2.48.2\selenium-java-2.48.2.jar:C:\Users\Kiranmai.adams\Downloads\selenium-2.48.2\selenium-java-2.48.2-srcs.jar:C:\Users\Kiranmai.adams\Downloads\selenium-2.48.2\libs\apache-mime4j-0.6.jar:C:\Users\Kiranmai.adams\Downloads\selenium-2.48.2\libs\bsh-2.0b4.jar:C:\Users\Kiranmai.adams\Downloads\selenium-2.48.2\libs\cglib-nodep-2.1_3.jar:C:\Users\Kiranmai.adams\Downloads\selenium-2.48.2\libs\commons-codec-1.10.jar:C:\Users\Kiranmai.adams\Downloads\selenium-2.48.2\libs\commons-collections-3.2.1.jar:C:\Users\Kiranmai.adams\Downloads\selenium-2.48.2\libs\commons-el-1.0.jar:C:\Users\Kiranmai.adams\Downloads\selenium-2.48.2\libs\commons-exec-1.3.jar:C:\Users\Kiranmai.adams\Downloads\selenium-2.48.2\libs\commons-io-2.4.jar:C:\Users\Kiranmai.adams\Downloads\selenium-2.48.2\libs\commons-lang3-3.4.jar:C:\Users\Kiranmai.adams\Downloads\selenium-2.48.2\libs\commons-logging-1.2.jar:C:\Users\Kiranmai.adams\Downloads\selenium-2.48.2\libs\cssparser-0.9.16.jar:C:\Users\Kiranmai.adams\Downloads\selenium-2.48.2\libs\gson-2.3.1.jar:C:\Users\Kiranmai.adams\Downloads\selenium-2.48.2\libs\guava-18.0.jar:C:\Users\Kiranmai.adams\Downloads\selenium-2.48.2\libs\hamcrest-core-1.3.jar:C:\Users\Kiranmai.adams\Downloads\selenium-2.48.2\libs\hamcrest-library-1.3.jar:C:\Users\Kiranmai.adams\Downloads\selenium-2.48.2\libs\htmlunit-2.18.jar:C:\Users\Kiranmai.adams\Downloads\selenium-2.48.2\libs\htmlunit-core-js-2.17.jar:C:\Users\Kiranmai.adams\Downloads\selenium-2.48.2\libs\httpclient-4.5.1.jar:C:\Users\Kiranmai.adams\Downloads\selenium-2.48.2\libs\httpcore-4.4.3.jar:C:\Users\Kiranmai.adams\Downloads\selenium-2.48.2\libs\httpmime-4.5.jar:C:\Users\Kiranmai.adams\Downloads\selenium-2.48.2\libs\jasper-compiler-5.5.15.jar:C:\Users\Kiranmai.adams\Downloads\selenium-2.48.2\libs\jasper-compiler-jdt-5.5.15.jar:C:\Users\Kiranmai.adams\Downloads\selenium-2.48.2\libs\jasper-runtime-5.5.15.jar:C:\Users\Kiranmai.adams\Downloads\selenium-2.48.2\libs\javax.servlet-api-3.1.0.jar:C:\Users\Kiranmai.adams\Downloads\selenium-2.48.2\libs\jcommander-1.48.jar:C:\Users\Kiranmai.adams\Downloads\selenium-2.48.2\libs\jetty-continuation-9.2.13.v20150730.jar:C:\Users\Kiranmai.adams\Downloads\selenium-2.48.2\libs\jetty-http-9.2.13.v20150730.jar:C:\Users\Kiranmai.adams\Downloads\selenium-2.48.2\libs\jetty-io-9.2.13.v20150730.jar:C:\Users\Kiranmai.adams\Downloads\selenium-2.48.2\libs\jetty-jmx-9.2.13.v20150730.jar:C:\Users\Kiranmai.adams\Downloads\selenium-2.48.2\libs\jetty-security-9.2.13.v20150730.jar:C:\Users\Kiranmai.adams\Downloads\selenium-2.48.2\libs\jetty-server-9.2.13.v20150730.jar:C:\Users\Kiranmai.adams\Downloads\selenium-2.48.2\libs\jetty-servlet-9.2.13.v20150730.jar:C:\Users\Kiranmai.adams\Downloads\selenium-2.48.2\libs\jetty-servlets-9.2.13.v20150730.jar:C:\Users\Kiranmai.adams\Downloads\selenium-2.48.2\libs\jetty-util-9.2.13.v20150730.jar:C:\Users\Kiranmai.adams\Downloads\selenium-2.48.2\libs\jna-4.1.0.jar:C:\Users\Kiranmai.adams\Downloads\selenium-2.48.2\libs\jna-platform-4.1.0.jar:C:\Users\Kiranmai.adams\Downloads\selenium-2.48.2\libs\jsp-api-2.0.jar:C:\Users\Kiranmai.adams\Downloads\selenium-2.48.2\libs\junit-4.12.jar:C:\Users\Kiranmai.adams\Downloads\selenium-2.48.2\libs\nekohtml-1.9.22.jar:C:\Users\Kiranmai.adams\Downloads\selenium-2.48.2\libs\netty-3.5.7.Final.jar:C:\Users\Kiranmai.adams\Downloads\selenium-2.48.2\libs\phantomjsdriver-1.2.1.jar:C:\Users\Kiranmai.adams\Downloads\selenium-2.48.2\libs\sac-1.3.jar:C:\Users\Kiranmai.adams\Downloads\selenium-2.48.2\libs\serializer-2.7.2.jar:C:\Users\Kiranmai.adams\Downloads\selenium-2.48.2\libs\testng-6.9.6.jar:C:\Users\Kiranmai.adams\Downloads\selenium-2.48.2\libs\websocket-api-9.2.13.v20150730.jar:C:\Users\Kiranmai.adams\Downloads\selenium-2.48.2\libs\websocket-client-9.2.13.v20150730.jar:C:\Users\Kiranmai.adams\Downloads\selenium-2.48.2\libs\websocket-common-9.2.13.v20150730.jar:C:\Users\Kiranmai.adams\Downloads\selenium-2.48.2\libs\xalan-2.7.2.jar:C:\Users\Kiranmai.adams\Downloads\selenium-2.48.2\libs\xercesImpl-2.11.0.jar:C:\Users\Kiranmai.adams\Downloads\selenium-2.48.2\libs\xml-apis-1.4.01.jar:C:\Users\Kiranmai.adams\.m2\repository\info\cukes\cucumber-java\1.2.5\cucumber-java-1.2.5.jar:C:\Users\Kiranmai.adams\.m2\repository\info\cukes\cucumber-core\1.2.5\cucumber-core-1.2.5.jar:C:\Users\Kiranmai.adams\.m2\repository\info\cukes\cucumber-html\0.2.3\cucumber-html-0.2.3.jar:C:\Users\Kiranmai.adams\.m2\repository\info\cukes\cucumber-jvm-deps\1.0.5\cucumber-jvm-deps-1.0.5.jar:C:\Users\Kiranmai.adams\.m2\repository\info\cukes\gherkin\2.12.2\gherkin-2.12.2.jar:C:\Users\Kiranmai.adams\.m2\repository\info\cukes\cucumber-junit\1.2.5\cucumber-junit-1.2.5.jar:C:\Users\Kiranmai.adams\.m2\repository\info\cukes\cucumber-testng\1.2.5\cucumber-testng-1.2.5.jar:C:\Users\Kiranmai.adams\.m2\repository\org\testng\testng\6.14.3\testng-6.14.3.jar:C:\Users\Kiranmai.adams\.m2\repository\com\beust\jcommander\1.72\jcommander-1.72.jar:C:\Users\Kiranmai.adams\.m2\repository\org\apache-extras\beanshell\bsh\2.0b6\bsh-2.0b6.jar:C:\Users\Kiranmai.adams\.m2\repository\junit\junit\4.11\junit-4.11.jar:C:\Users\Kiranmai.adams\.m2\repository\org\hamcrest\hamcrest-core\1.3\hamcrest-core-1.3.jar:C:\Users\Kiranmai.adams\.m2\repository\org\apache\maven\surefire\surefire-junit47\2.18.1\surefire-junit47-2.18.1.jar:C:\Users\Kiranmai.adams\.m2\repository\com\github\stephenc\jcip\jcip-annotations\1.0-1\jcip-annotations-1.0-1.jar:C:\Users\Kiranmai.adams\.m2\repository\org\apache\maven\surefire\common-junit48\2.18.1\common-junit48-2.18.1.jar:C:\Users\Kiranmai.adams\.m2\repository\org\apache\maven\surefire\common-junit4\2.18.1\common-junit4-2.18.1.jar:C:\Users\Kiranmai.adams\.m2\repository\org\apache\maven\surefire\common-junit3\2.18.1\common-junit3-2.18.1.jar:C:\Users\Kiranmai.adams\.m2\repository\org\apache\maven\surefire\surefire-grouper\2.18.1\surefire-grouper-2.18.1.jar:C:\Users\Kiranmai.adams\.m2\repository\org\apache\maven\shared\maven-shared-utils\0.4\maven-shared-utils-0.4.jar:C:\Users\Kiranmai.adams\.m2\repository\com\google\code\findbugs\jsr305\2.0.1\jsr305-2.0.1.jar:C:\Users\Kiranmai.adams\.m2\repository\org\apache\maven\surefire\surefire-api\2.18.1\surefire-api-2.18.1.jar:C:\Users\Kiranmai.adams\.m2\repository\org\apache\maven\surefire\surefire-testng\2.18.1\surefire-testng-2.18.1.jar:C:\Users\Kiranmai.adams\.m2\repository\org\apache\maven\surefire\common-java5\2.18.1\common-java5-2.18.1.jar:C:\Users\Kiranmai.adams\.m2\repository\org\apache\maven\surefire\surefire-testng-utils\2.18.1\surefire-testng-utils-2.18.1.jar:C:\Users\Kiranmai.adams\.m2\repository\org\testng\testng\5.7\testng-5.7-jdk15.jar org.testng.remote.RemoteTestNG -serport 56916 -protocol json -d C:\Users\Kiranmai.adams\Downloads\STATravelTest\test-output C:\Users\KIRANM~1.ADA\AppData\Local\Temp\testng-eclipse--1753336929\testng-customsuite.xml

!ENTRY org.eclipse.m2e.logback.appender 4 0 2019-03-25 14:32:57.036
!MESSAGE Could not read pom.xml
!STACK 1
org.eclipse.core.runtime.CoreException: Could not read pom.xml
	at org.eclipse.m2e.core.internal.embedder.MavenImpl.readModel(MavenImpl.java:559)
	at org.eclipse.m2e.core.internal.embedder.MavenImpl.readModel(MavenImpl.java:568)
	at org.eclipse.m2e.core.internal.project.registry.ProjectRegistryManager.refreshPhase2(ProjectRegistryManager.java:537)
	at org.eclipse.m2e.core.internal.project.registry.ProjectRegistryManager.refresh(ProjectRegistryManager.java:493)
	at org.eclipse.m2e.core.internal.project.registry.ProjectRegistryManager.refresh(ProjectRegistryManager.java:349)
	at org.eclipse.m2e.core.internal.project.registry.ProjectRegistryManager.refresh(ProjectRegistryManager.java:296)
	at org.eclipse.m2e.core.internal.builder.MavenBuilder$BuildMethod.getProjectFacade(MavenBuilder.java:155)
	at org.eclipse.m2e.core.internal.builder.MavenBuilder$BuildMethod$1.call(MavenBuilder.java:90)
	at org.eclipse.m2e.core.internal.embedder.MavenExecutionContext.executeBare(MavenExecutionContext.java:177)
	at org.eclipse.m2e.core.internal.embedder.MavenExecutionContext.execute(MavenExecutionContext.java:151)
	at org.eclipse.m2e.core.internal.embedder.MavenExecutionContext.execute(MavenExecutionContext.java:99)
	at org.eclipse.m2e.core.internal.builder.MavenBuilder$BuildMethod.execute(MavenBuilder.java:87)
	at org.eclipse.m2e.core.internal.builder.MavenBuilder.build(MavenBuilder.java:201)
	at org.eclipse.core.internal.events.BuildManager$2.run(BuildManager.java:833)
	at org.eclipse.core.runtime.SafeRunner.run(SafeRunner.java:45)
	at org.eclipse.core.internal.events.BuildManager.basicBuild(BuildManager.java:220)
	at org.eclipse.core.internal.events.BuildManager.basicBuild(BuildManager.java:263)
	at org.eclipse.core.internal.events.BuildManager$1.run(BuildManager.java:316)
	at org.eclipse.core.runtime.SafeRunner.run(SafeRunner.java:45)
	at org.eclipse.core.internal.events.BuildManager.basicBuild(BuildManager.java:319)
	at org.eclipse.core.internal.events.BuildManager.basicBuildLoop(BuildManager.java:371)
	at org.eclipse.core.internal.events.BuildManager.build(BuildManager.java:392)
	at org.eclipse.core.internal.events.AutoBuildJob.doBuild(AutoBuildJob.java:154)
	at org.eclipse.core.internal.events.AutoBuildJob.run(AutoBuildJob.java:244)
	at org.eclipse.core.internal.jobs.Worker.run(Worker.java:63)
Caused by: org.apache.maven.model.io.ModelParseException: TEXT must be immediately followed by END_TAG and not START_TAG (position: START_TAG seen ...<property>\r\n              <name>... @31:21) 
	at org.apache.maven.model.io.DefaultModelReader.read(DefaultModelReader.java:114)
	at org.apache.maven.model.io.DefaultModelReader.read(DefaultModelReader.java:82)
	at org.eclipse.m2e.core.internal.embedder.MavenImpl.readModel(MavenImpl.java:557)
	... 24 more
Caused by: org.codehaus.plexus.util.xml.pull.XmlPullParserException: TEXT must be immediately followed by END_TAG and not START_TAG (position: START_TAG seen ...<property>\r\n              <name>... @31:21) 
	at org.codehaus.plexus.util.xml.pull.MXParser.nextText(MXParser.java:1282)
	at org.apache.maven.model.io.xpp3.MavenXpp3Reader.parseModel(MavenXpp3Reader.java:2219)
	at org.apache.maven.model.io.xpp3.MavenXpp3Reader.read(MavenXpp3Reader.java:3852)
	at org.apache.maven.model.io.xpp3.MavenXpp3Reader.read(MavenXpp3Reader.java:595)
	at org.apache.maven.model.io.DefaultModelReader.read(DefaultModelReader.java:109)
	... 26 more
!SUBENTRY 1 org.eclipse.m2e.core 4 -1 2019-03-25 14:32:57.036
!MESSAGE Could not read pom.xml
!STACK 0
org.apache.maven.model.io.ModelParseException: TEXT must be immediately followed by END_TAG and not START_TAG (position: START_TAG seen ...<property>\r\n              <name>... @31:21) 
	at org.apache.maven.model.io.DefaultModelReader.read(DefaultModelReader.java:114)
	at org.apache.maven.model.io.DefaultModelReader.read(DefaultModelReader.java:82)
	at org.eclipse.m2e.core.internal.embedder.MavenImpl.readModel(MavenImpl.java:557)
	at org.eclipse.m2e.core.internal.embedder.MavenImpl.readModel(MavenImpl.java:568)
	at org.eclipse.m2e.core.internal.project.registry.ProjectRegistryManager.refreshPhase2(ProjectRegistryManager.java:537)
	at org.eclipse.m2e.core.internal.project.registry.ProjectRegistryManager.refresh(ProjectRegistryManager.java:493)
	at org.eclipse.m2e.core.internal.project.registry.ProjectRegistryManager.refresh(ProjectRegistryManager.java:349)
	at org.eclipse.m2e.core.internal.project.registry.ProjectRegistryManager.refresh(ProjectRegistryManager.java:296)
	at org.eclipse.m2e.core.internal.builder.MavenBuilder$BuildMethod.getProjectFacade(MavenBuilder.java:155)
	at org.eclipse.m2e.core.internal.builder.MavenBuilder$BuildMethod$1.call(MavenBuilder.java:90)
	at org.eclipse.m2e.core.internal.embedder.MavenExecutionContext.executeBare(MavenExecutionContext.java:177)
	at org.eclipse.m2e.core.internal.embedder.MavenExecutionContext.execute(MavenExecutionContext.java:151)
	at org.eclipse.m2e.core.internal.embedder.MavenExecutionContext.execute(MavenExecutionContext.java:99)
	at org.eclipse.m2e.core.internal.builder.MavenBuilder$BuildMethod.execute(MavenBuilder.java:87)
	at org.eclipse.m2e.core.internal.builder.MavenBuilder.build(MavenBuilder.java:201)
	at org.eclipse.core.internal.events.BuildManager$2.run(BuildManager.java:833)
	at org.eclipse.core.runtime.SafeRunner.run(SafeRunner.java:45)
	at org.eclipse.core.internal.events.BuildManager.basicBuild(BuildManager.java:220)
	at org.eclipse.core.internal.events.BuildManager.basicBuild(BuildManager.java:263)
	at org.eclipse.core.internal.events.BuildManager$1.run(BuildManager.java:316)
	at org.eclipse.core.runtime.SafeRunner.run(SafeRunner.java:45)
	at org.eclipse.core.internal.events.BuildManager.basicBuild(BuildManager.java:319)
	at org.eclipse.core.internal.events.BuildManager.basicBuildLoop(BuildManager.java:371)
	at org.eclipse.core.internal.events.BuildManager.build(BuildManager.java:392)
	at org.eclipse.core.internal.events.AutoBuildJob.doBuild(AutoBuildJob.java:154)
	at org.eclipse.core.internal.events.AutoBuildJob.run(AutoBuildJob.java:244)
	at org.eclipse.core.internal.jobs.Worker.run(Worker.java:63)
Caused by: org.codehaus.plexus.util.xml.pull.XmlPullParserException: TEXT must be immediately followed by END_TAG and not START_TAG (position: START_TAG seen ...<property>\r\n              <name>... @31:21) 
	at org.codehaus.plexus.util.xml.pull.MXParser.nextText(MXParser.java:1282)
	at org.apache.maven.model.io.xpp3.MavenXpp3Reader.parseModel(MavenXpp3Reader.java:2219)
	at org.apache.maven.model.io.xpp3.MavenXpp3Reader.read(MavenXpp3Reader.java:3852)
	at org.apache.maven.model.io.xpp3.MavenXpp3Reader.read(MavenXpp3Reader.java:595)
	at org.apache.maven.model.io.DefaultModelReader.read(DefaultModelReader.java:109)
	... 26 more

!ENTRY org.eclipse.m2e.logback.appender 4 0 2019-03-25 14:32:58.473
!MESSAGE Could not read pom.xml
!STACK 1
org.eclipse.core.runtime.CoreException: Could not read pom.xml
	at org.eclipse.m2e.core.internal.embedder.MavenImpl.readModel(MavenImpl.java:559)
	at org.eclipse.m2e.core.internal.embedder.MavenImpl.readModel(MavenImpl.java:568)
	at org.eclipse.m2e.core.internal.project.registry.ProjectRegistryManager.refreshPhase2(ProjectRegistryManager.java:537)
	at org.eclipse.m2e.core.internal.project.registry.ProjectRegistryManager.refresh(ProjectRegistryManager.java:493)
	at org.eclipse.m2e.core.internal.project.registry.ProjectRegistryManager.refresh(ProjectRegistryManager.java:349)
	at org.eclipse.m2e.core.internal.project.registry.ProjectRegistryManager.refresh(ProjectRegistryManager.java:296)
	at org.eclipse.m2e.core.internal.builder.MavenBuilder$BuildMethod.getProjectFacade(MavenBuilder.java:155)
	at org.eclipse.m2e.core.internal.builder.MavenBuilder$BuildMethod$1.call(MavenBuilder.java:90)
	at org.eclipse.m2e.core.internal.embedder.MavenExecutionContext.executeBare(MavenExecutionContext.java:177)
	at org.eclipse.m2e.core.internal.embedder.MavenExecutionContext.execute(MavenExecutionContext.java:151)
	at org.eclipse.m2e.core.internal.embedder.MavenExecutionContext.execute(MavenExecutionContext.java:99)
	at org.eclipse.m2e.core.internal.builder.MavenBuilder$BuildMethod.execute(MavenBuilder.java:87)
	at org.eclipse.m2e.core.internal.builder.MavenBuilder.build(MavenBuilder.java:201)
	at org.eclipse.core.internal.events.BuildManager$2.run(BuildManager.java:833)
	at org.eclipse.core.runtime.SafeRunner.run(SafeRunner.java:45)
	at org.eclipse.core.internal.events.BuildManager.basicBuild(BuildManager.java:220)
	at org.eclipse.core.internal.events.BuildManager.basicBuild(BuildManager.java:263)
	at org.eclipse.core.internal.events.BuildManager$1.run(BuildManager.java:316)
	at org.eclipse.core.runtime.SafeRunner.run(SafeRunner.java:45)
	at org.eclipse.core.internal.events.BuildManager.basicBuild(BuildManager.java:319)
	at org.eclipse.core.internal.events.BuildManager.basicBuildLoop(BuildManager.java:371)
	at org.eclipse.core.internal.events.BuildManager.build(BuildManager.java:392)
	at org.eclipse.core.internal.events.AutoBuildJob.doBuild(AutoBuildJob.java:154)
	at org.eclipse.core.internal.events.AutoBuildJob.run(AutoBuildJob.java:244)
	at org.eclipse.core.internal.jobs.Worker.run(Worker.java:63)
Caused by: org.apache.maven.model.io.ModelParseException: TEXT must be immediately followed by END_TAG and not START_TAG (position: START_TAG seen ...<property>\r\n              <name>... @31:21) 
	at org.apache.maven.model.io.DefaultModelReader.read(DefaultModelReader.java:114)
	at org.apache.maven.model.io.DefaultModelReader.read(DefaultModelReader.java:82)
	at org.eclipse.m2e.core.internal.embedder.MavenImpl.readModel(MavenImpl.java:557)
	... 24 more
Caused by: org.codehaus.plexus.util.xml.pull.XmlPullParserException: TEXT must be immediately followed by END_TAG and not START_TAG (position: START_TAG seen ...<property>\r\n              <name>... @31:21) 
	at org.codehaus.plexus.util.xml.pull.MXParser.nextText(MXParser.java:1282)
	at org.apache.maven.model.io.xpp3.MavenXpp3Reader.parseModel(MavenXpp3Reader.java:2219)
	at org.apache.maven.model.io.xpp3.MavenXpp3Reader.read(MavenXpp3Reader.java:3852)
	at org.apache.maven.model.io.xpp3.MavenXpp3Reader.read(MavenXpp3Reader.java:595)
	at org.apache.maven.model.io.DefaultModelReader.read(DefaultModelReader.java:109)
	... 26 more
!SUBENTRY 1 org.eclipse.m2e.core 4 -1 2019-03-25 14:32:58.473
!MESSAGE Could not read pom.xml
!STACK 0
org.apache.maven.model.io.ModelParseException: TEXT must be immediately followed by END_TAG and not START_TAG (position: START_TAG seen ...<property>\r\n              <name>... @31:21) 
	at org.apache.maven.model.io.DefaultModelReader.read(DefaultModelReader.java:114)
	at org.apache.maven.model.io.DefaultModelReader.read(DefaultModelReader.java:82)
	at org.eclipse.m2e.core.internal.embedder.MavenImpl.readModel(MavenImpl.java:557)
	at org.eclipse.m2e.core.internal.embedder.MavenImpl.readModel(MavenImpl.java:568)
	at org.eclipse.m2e.core.internal.project.registry.ProjectRegistryManager.refreshPhase2(ProjectRegistryManager.java:537)
	at org.eclipse.m2e.core.internal.project.registry.ProjectRegistryManager.refresh(ProjectRegistryManager.java:493)
	at org.eclipse.m2e.core.internal.project.registry.ProjectRegistryManager.refresh(ProjectRegistryManager.java:349)
	at org.eclipse.m2e.core.internal.project.registry.ProjectRegistryManager.refresh(ProjectRegistryManager.java:296)
	at org.eclipse.m2e.core.internal.builder.MavenBuilder$BuildMethod.getProjectFacade(MavenBuilder.java:155)
	at org.eclipse.m2e.core.internal.builder.MavenBuilder$BuildMethod$1.call(MavenBuilder.java:90)
	at org.eclipse.m2e.core.internal.embedder.MavenExecutionContext.executeBare(MavenExecutionContext.java:177)
	at org.eclipse.m2e.core.internal.embedder.MavenExecutionContext.execute(MavenExecutionContext.java:151)
	at org.eclipse.m2e.core.internal.embedder.MavenExecutionContext.execute(MavenExecutionContext.java:99)
	at org.eclipse.m2e.core.internal.builder.MavenBuilder$BuildMethod.execute(MavenBuilder.java:87)
	at org.eclipse.m2e.core.internal.builder.MavenBuilder.build(MavenBuilder.java:201)
	at org.eclipse.core.internal.events.BuildManager$2.run(BuildManager.java:833)
	at org.eclipse.core.runtime.SafeRunner.run(SafeRunner.java:45)
	at org.eclipse.core.internal.events.BuildManager.basicBuild(BuildManager.java:220)
	at org.eclipse.core.internal.events.BuildManager.basicBuild(BuildManager.java:263)
	at org.eclipse.core.internal.events.BuildManager$1.run(BuildManager.java:316)
	at org.eclipse.core.runtime.SafeRunner.run(SafeRunner.java:45)
	at org.eclipse.core.internal.events.BuildManager.basicBuild(BuildManager.java:319)
	at org.eclipse.core.internal.events.BuildManager.basicBuildLoop(BuildManager.java:371)
	at org.eclipse.core.internal.events.BuildManager.build(BuildManager.java:392)
	at org.eclipse.core.internal.events.AutoBuildJob.doBuild(AutoBuildJob.java:154)
	at org.eclipse.core.internal.events.AutoBuildJob.run(AutoBuildJob.java:244)
	at org.eclipse.core.internal.jobs.Worker.run(Worker.java:63)
Caused by: org.codehaus.plexus.util.xml.pull.XmlPullParserException: TEXT must be immediately followed by END_TAG and not START_TAG (position: START_TAG seen ...<property>\r\n              <name>... @31:21) 
	at org.codehaus.plexus.util.xml.pull.MXParser.nextText(MXParser.java:1282)
	at org.apache.maven.model.io.xpp3.MavenXpp3Reader.parseModel(MavenXpp3Reader.java:2219)
	at org.apache.maven.model.io.xpp3.MavenXpp3Reader.read(MavenXpp3Reader.java:3852)
	at org.apache.maven.model.io.xpp3.MavenXpp3Reader.read(MavenXpp3Reader.java:595)
	at org.apache.maven.model.io.DefaultModelReader.read(DefaultModelReader.java:109)
	... 26 more

!ENTRY org.eclipse.m2e.logback.appender 4 0 2019-03-25 14:34:16.643
!MESSAGE Could not read pom.xml
!STACK 1
org.eclipse.core.runtime.CoreException: Could not read pom.xml
	at org.eclipse.m2e.core.internal.embedder.MavenImpl.readModel(MavenImpl.java:559)
	at org.eclipse.m2e.core.internal.embedder.MavenImpl.readModel(MavenImpl.java:568)
	at org.eclipse.m2e.core.internal.project.registry.ProjectRegistryManager.refreshPhase2(ProjectRegistryManager.java:537)
	at org.eclipse.m2e.core.internal.project.registry.ProjectRegistryManager.refresh(ProjectRegistryManager.java:493)
	at org.eclipse.m2e.core.internal.project.registry.ProjectRegistryManager.refresh(ProjectRegistryManager.java:349)
	at org.eclipse.m2e.core.internal.project.registry.ProjectRegistryManager.refresh(ProjectRegistryManager.java:296)
	at org.eclipse.m2e.core.internal.project.ProjectConfigurationManager.updateProjectConfiguration0(ProjectConfigurationManager.java:405)
	at org.eclipse.m2e.core.internal.project.ProjectConfigurationManager$2.call(ProjectConfigurationManager.java:352)
	at org.eclipse.m2e.core.internal.project.ProjectConfigurationManager$2.call(ProjectConfigurationManager.java:1)
	at org.eclipse.m2e.core.internal.embedder.MavenExecutionContext.executeBare(MavenExecutionContext.java:177)
	at org.eclipse.m2e.core.internal.embedder.MavenExecutionContext.execute(MavenExecutionContext.java:151)
	at org.eclipse.m2e.core.internal.embedder.MavenExecutionContext.execute(MavenExecutionContext.java:99)
	at org.eclipse.m2e.core.internal.embedder.MavenImpl.execute(MavenImpl.java:1332)
	at org.eclipse.m2e.core.internal.project.ProjectConfigurationManager.updateProjectConfiguration(ProjectConfigurationManager.java:349)
	at org.eclipse.m2e.core.ui.internal.UpdateMavenProjectJob.runInWorkspace(UpdateMavenProjectJob.java:77)
	at org.eclipse.core.internal.resources.InternalWorkspaceJob.run(InternalWorkspaceJob.java:42)
	at org.eclipse.core.internal.jobs.Worker.run(Worker.java:63)
Caused by: org.apache.maven.model.io.ModelParseException: TEXT must be immediately followed by END_TAG and not START_TAG (position: START_TAG seen ...<property>\r\n              <name>... @31:21) 
	at org.apache.maven.model.io.DefaultModelReader.read(DefaultModelReader.java:114)
	at org.apache.maven.model.io.DefaultModelReader.read(DefaultModelReader.java:82)
	at org.eclipse.m2e.core.internal.embedder.MavenImpl.readModel(MavenImpl.java:557)
	... 16 more
Caused by: org.codehaus.plexus.util.xml.pull.XmlPullParserException: TEXT must be immediately followed by END_TAG and not START_TAG (position: START_TAG seen ...<property>\r\n              <name>... @31:21) 
	at org.codehaus.plexus.util.xml.pull.MXParser.nextText(MXParser.java:1282)
	at org.apache.maven.model.io.xpp3.MavenXpp3Reader.parseModel(MavenXpp3Reader.java:2219)
	at org.apache.maven.model.io.xpp3.MavenXpp3Reader.read(MavenXpp3Reader.java:3852)
	at org.apache.maven.model.io.xpp3.MavenXpp3Reader.read(MavenXpp3Reader.java:595)
	at org.apache.maven.model.io.DefaultModelReader.read(DefaultModelReader.java:109)
	... 18 more
!SUBENTRY 1 org.eclipse.m2e.core 4 -1 2019-03-25 14:34:16.644
!MESSAGE Could not read pom.xml
!STACK 0
org.apache.maven.model.io.ModelParseException: TEXT must be immediately followed by END_TAG and not START_TAG (position: START_TAG seen ...<property>\r\n              <name>... @31:21) 
	at org.apache.maven.model.io.DefaultModelReader.read(DefaultModelReader.java:114)
	at org.apache.maven.model.io.DefaultModelReader.read(DefaultModelReader.java:82)
	at org.eclipse.m2e.core.internal.embedder.MavenImpl.readModel(MavenImpl.java:557)
	at org.eclipse.m2e.core.internal.embedder.MavenImpl.readModel(MavenImpl.java:568)
	at org.eclipse.m2e.core.internal.project.registry.ProjectRegistryManager.refreshPhase2(ProjectRegistryManager.java:537)
	at org.eclipse.m2e.core.internal.project.registry.ProjectRegistryManager.refresh(ProjectRegistryManager.java:493)
	at org.eclipse.m2e.core.internal.project.registry.ProjectRegistryManager.refresh(ProjectRegistryManager.java:349)
	at org.eclipse.m2e.core.internal.project.registry.ProjectRegistryManager.refresh(ProjectRegistryManager.java:296)
	at org.eclipse.m2e.core.internal.project.ProjectConfigurationManager.updateProjectConfiguration0(ProjectConfigurationManager.java:405)
	at org.eclipse.m2e.core.internal.project.ProjectConfigurationManager$2.call(ProjectConfigurationManager.java:352)
	at org.eclipse.m2e.core.internal.project.ProjectConfigurationManager$2.call(ProjectConfigurationManager.java:1)
	at org.eclipse.m2e.core.internal.embedder.MavenExecutionContext.executeBare(MavenExecutionContext.java:177)
	at org.eclipse.m2e.core.internal.embedder.MavenExecutionContext.execute(MavenExecutionContext.java:151)
	at org.eclipse.m2e.core.internal.embedder.MavenExecutionContext.execute(MavenExecutionContext.java:99)
	at org.eclipse.m2e.core.internal.embedder.MavenImpl.execute(MavenImpl.java:1332)
	at org.eclipse.m2e.core.internal.project.ProjectConfigurationManager.updateProjectConfiguration(ProjectConfigurationManager.java:349)
	at org.eclipse.m2e.core.ui.internal.UpdateMavenProjectJob.runInWorkspace(UpdateMavenProjectJob.java:77)
	at org.eclipse.core.internal.resources.InternalWorkspaceJob.run(InternalWorkspaceJob.java:42)
	at org.eclipse.core.internal.jobs.Worker.run(Worker.java:63)
Caused by: org.codehaus.plexus.util.xml.pull.XmlPullParserException: TEXT must be immediately followed by END_TAG and not START_TAG (position: START_TAG seen ...<property>\r\n              <name>... @31:21) 
	at org.codehaus.plexus.util.xml.pull.MXParser.nextText(MXParser.java:1282)
	at org.apache.maven.model.io.xpp3.MavenXpp3Reader.parseModel(MavenXpp3Reader.java:2219)
	at org.apache.maven.model.io.xpp3.MavenXpp3Reader.read(MavenXpp3Reader.java:3852)
	at org.apache.maven.model.io.xpp3.MavenXpp3Reader.read(MavenXpp3Reader.java:595)
	at org.apache.maven.model.io.DefaultModelReader.read(DefaultModelReader.java:109)
	... 18 more

!ENTRY org.eclipse.m2e.logback.appender 4 0 2019-03-25 14:34:16.990
!MESSAGE Could not read pom.xml
!STACK 1
org.eclipse.core.runtime.CoreException: Could not read pom.xml
	at org.eclipse.m2e.core.internal.embedder.MavenImpl.readModel(MavenImpl.java:559)
	at org.eclipse.m2e.core.internal.embedder.MavenImpl.readModel(MavenImpl.java:568)
	at org.eclipse.m2e.core.internal.project.registry.ProjectRegistryManager.refreshPhase2(ProjectRegistryManager.java:537)
	at org.eclipse.m2e.core.internal.project.registry.ProjectRegistryManager.refresh(ProjectRegistryManager.java:493)
	at org.eclipse.m2e.core.internal.project.registry.ProjectRegistryManager.refresh(ProjectRegistryManager.java:349)
	at org.eclipse.m2e.core.internal.project.registry.ProjectRegistryManager.refresh(ProjectRegistryManager.java:296)
	at org.eclipse.m2e.core.internal.builder.MavenBuilder$BuildMethod.getProjectFacade(MavenBuilder.java:155)
	at org.eclipse.m2e.core.internal.builder.MavenBuilder$BuildMethod$1.call(MavenBuilder.java:90)
	at org.eclipse.m2e.core.internal.embedder.MavenExecutionContext.executeBare(MavenExecutionContext.java:177)
	at org.eclipse.m2e.core.internal.embedder.MavenExecutionContext.execute(MavenExecutionContext.java:151)
	at org.eclipse.m2e.core.internal.embedder.MavenExecutionContext.execute(MavenExecutionContext.java:99)
	at org.eclipse.m2e.core.internal.builder.MavenBuilder$BuildMethod.execute(MavenBuilder.java:87)
	at org.eclipse.m2e.core.internal.builder.MavenBuilder.build(MavenBuilder.java:201)
	at org.eclipse.core.internal.events.BuildManager$2.run(BuildManager.java:833)
	at org.eclipse.core.runtime.SafeRunner.run(SafeRunner.java:45)
	at org.eclipse.core.internal.events.BuildManager.basicBuild(BuildManager.java:220)
	at org.eclipse.core.internal.events.BuildManager.basicBuild(BuildManager.java:263)
	at org.eclipse.core.internal.events.BuildManager$1.run(BuildManager.java:316)
	at org.eclipse.core.runtime.SafeRunner.run(SafeRunner.java:45)
	at org.eclipse.core.internal.events.BuildManager.basicBuild(BuildManager.java:319)
	at org.eclipse.core.internal.events.BuildManager.basicBuildLoop(BuildManager.java:371)
	at org.eclipse.core.internal.events.BuildManager.build(BuildManager.java:392)
	at org.eclipse.core.internal.events.AutoBuildJob.doBuild(AutoBuildJob.java:154)
	at org.eclipse.core.internal.events.AutoBuildJob.run(AutoBuildJob.java:244)
	at org.eclipse.core.internal.jobs.Worker.run(Worker.java:63)
Caused by: org.apache.maven.model.io.ModelParseException: TEXT must be immediately followed by END_TAG and not START_TAG (position: START_TAG seen ...<property>\r\n              <name>... @31:21) 
	at org.apache.maven.model.io.DefaultModelReader.read(DefaultModelReader.java:114)
	at org.apache.maven.model.io.DefaultModelReader.read(DefaultModelReader.java:82)
	at org.eclipse.m2e.core.internal.embedder.MavenImpl.readModel(MavenImpl.java:557)
	... 24 more
Caused by: org.codehaus.plexus.util.xml.pull.XmlPullParserException: TEXT must be immediately followed by END_TAG and not START_TAG (position: START_TAG seen ...<property>\r\n              <name>... @31:21) 
	at org.codehaus.plexus.util.xml.pull.MXParser.nextText(MXParser.java:1282)
	at org.apache.maven.model.io.xpp3.MavenXpp3Reader.parseModel(MavenXpp3Reader.java:2219)
	at org.apache.maven.model.io.xpp3.MavenXpp3Reader.read(MavenXpp3Reader.java:3852)
	at org.apache.maven.model.io.xpp3.MavenXpp3Reader.read(MavenXpp3Reader.java:595)
	at org.apache.maven.model.io.DefaultModelReader.read(DefaultModelReader.java:109)
	... 26 more
!SUBENTRY 1 org.eclipse.m2e.core 4 -1 2019-03-25 14:34:16.990
!MESSAGE Could not read pom.xml
!STACK 0
org.apache.maven.model.io.ModelParseException: TEXT must be immediately followed by END_TAG and not START_TAG (position: START_TAG seen ...<property>\r\n              <name>... @31:21) 
	at org.apache.maven.model.io.DefaultModelReader.read(DefaultModelReader.java:114)
	at org.apache.maven.model.io.DefaultModelReader.read(DefaultModelReader.java:82)
	at org.eclipse.m2e.core.internal.embedder.MavenImpl.readModel(MavenImpl.java:557)
	at org.eclipse.m2e.core.internal.embedder.MavenImpl.readModel(MavenImpl.java:568)
	at org.eclipse.m2e.core.internal.project.registry.ProjectRegistryManager.refreshPhase2(ProjectRegistryManager.java:537)
	at org.eclipse.m2e.core.internal.project.registry.ProjectRegistryManager.refresh(ProjectRegistryManager.java:493)
	at org.eclipse.m2e.core.internal.project.registry.ProjectRegistryManager.refresh(ProjectRegistryManager.java:349)
	at org.eclipse.m2e.core.internal.project.registry.ProjectRegistryManager.refresh(ProjectRegistryManager.java:296)
	at org.eclipse.m2e.core.internal.builder.MavenBuilder$BuildMethod.getProjectFacade(MavenBuilder.java:155)
	at org.eclipse.m2e.core.internal.builder.MavenBuilder$BuildMethod$1.call(MavenBuilder.java:90)
	at org.eclipse.m2e.core.internal.embedder.MavenExecutionContext.executeBare(MavenExecutionContext.java:177)
	at org.eclipse.m2e.core.internal.embedder.MavenExecutionContext.execute(MavenExecutionContext.java:151)
	at org.eclipse.m2e.core.internal.embedder.MavenExecutionContext.execute(MavenExecutionContext.java:99)
	at org.eclipse.m2e.core.internal.builder.MavenBuilder$BuildMethod.execute(MavenBuilder.java:87)
	at org.eclipse.m2e.core.internal.builder.MavenBuilder.build(MavenBuilder.java:201)
	at org.eclipse.core.internal.events.BuildManager$2.run(BuildManager.java:833)
	at org.eclipse.core.runtime.SafeRunner.run(SafeRunner.java:45)
	at org.eclipse.core.internal.events.BuildManager.basicBuild(BuildManager.java:220)
	at org.eclipse.core.internal.events.BuildManager.basicBuild(BuildManager.java:263)
	at org.eclipse.core.internal.events.BuildManager$1.run(BuildManager.java:316)
	at org.eclipse.core.runtime.SafeRunner.run(SafeRunner.java:45)
	at org.eclipse.core.internal.events.BuildManager.basicBuild(BuildManager.java:319)
	at org.eclipse.core.internal.events.BuildManager.basicBuildLoop(BuildManager.java:371)
	at org.eclipse.core.internal.events.BuildManager.build(BuildManager.java:392)
	at org.eclipse.core.internal.events.AutoBuildJob.doBuild(AutoBuildJob.java:154)
	at org.eclipse.core.internal.events.AutoBuildJob.run(AutoBuildJob.java:244)
	at org.eclipse.core.internal.jobs.Worker.run(Worker.java:63)
Caused by: org.codehaus.plexus.util.xml.pull.XmlPullParserException: TEXT must be immediately followed by END_TAG and not START_TAG (position: START_TAG seen ...<property>\r\n              <name>... @31:21) 
	at org.codehaus.plexus.util.xml.pull.MXParser.nextText(MXParser.java:1282)
	at org.apache.maven.model.io.xpp3.MavenXpp3Reader.parseModel(MavenXpp3Reader.java:2219)
	at org.apache.maven.model.io.xpp3.MavenXpp3Reader.read(MavenXpp3Reader.java:3852)
	at org.apache.maven.model.io.xpp3.MavenXpp3Reader.read(MavenXpp3Reader.java:595)
	at org.apache.maven.model.io.DefaultModelReader.read(DefaultModelReader.java:109)
	... 26 more

!ENTRY org.eclipse.m2e.logback.appender 4 0 2019-03-25 14:43:07.377
!MESSAGE Could not download sources for com.google.code.findbugs:jsr305:1.3.9
!STACK 1
org.eclipse.core.runtime.CoreException: Could not resolve artifact com.google.code.findbugs:jsr305:jar:sources:1.3.9
	at org.eclipse.m2e.core.internal.embedder.MavenImpl.lambda$4(MavenImpl.java:763)
	at org.eclipse.m2e.core.internal.embedder.MavenExecutionContext.executeBare(MavenExecutionContext.java:177)
	at org.eclipse.m2e.core.internal.embedder.MavenExecutionContext.execute(MavenExecutionContext.java:112)
	at org.eclipse.m2e.core.internal.embedder.MavenExecutionContext.execute(MavenExecutionContext.java:99)
	at org.eclipse.m2e.core.internal.embedder.MavenImpl.resolve(MavenImpl.java:731)
	at org.eclipse.m2e.core.internal.embedder.MavenImpl.resolve(MavenImpl.java:708)
	at org.eclipse.m2e.jdt.internal.DownloadSourcesJob.download(DownloadSourcesJob.java:279)
	at org.eclipse.m2e.jdt.internal.DownloadSourcesJob.downloadAttachments(DownloadSourcesJob.java:254)
	at org.eclipse.m2e.jdt.internal.DownloadSourcesJob.downloadMaven(DownloadSourcesJob.java:221)
	at org.eclipse.m2e.jdt.internal.DownloadSourcesJob.run(DownloadSourcesJob.java:161)
	at org.eclipse.m2e.jdt.internal.DownloadSourcesJob$1.call(DownloadSourcesJob.java:137)
	at org.eclipse.m2e.jdt.internal.DownloadSourcesJob$1.call(DownloadSourcesJob.java:1)
	at org.eclipse.m2e.core.internal.embedder.MavenExecutionContext.executeBare(MavenExecutionContext.java:177)
	at org.eclipse.m2e.core.internal.embedder.MavenExecutionContext.execute(MavenExecutionContext.java:151)
	at org.eclipse.m2e.core.internal.embedder.MavenExecutionContext.execute(MavenExecutionContext.java:99)
	at org.eclipse.m2e.core.internal.embedder.MavenImpl.execute(MavenImpl.java:1336)
	at org.eclipse.m2e.jdt.internal.DownloadSourcesJob.run(DownloadSourcesJob.java:135)
	at org.eclipse.core.internal.jobs.Worker.run(Worker.java:63)
Contains: Missing com.google.code.findbugs:jsr305:jar:sources:1.3.9
!SUBENTRY 1 org.eclipse.m2e.core 4 -1 2019-03-25 14:43:07.377
!MESSAGE Could not resolve artifact com.google.code.findbugs:jsr305:jar:sources:1.3.9
!SUBENTRY 2 org.eclipse.m2e.core 4 -1 2019-03-25 14:43:07.377
!MESSAGE Missing com.google.code.findbugs:jsr305:jar:sources:1.3.9

!ENTRY org.eclipse.m2e.logback.appender 4 0 2019-03-25 14:43:10.913
!MESSAGE Could not download javadoc for com.google.code.findbugs:jsr305:1.3.9
!STACK 1
org.eclipse.core.runtime.CoreException: Could not resolve artifact com.google.code.findbugs:jsr305:jar:javadoc:1.3.9
	at org.eclipse.m2e.core.internal.embedder.MavenImpl.lambda$4(MavenImpl.java:763)
	at org.eclipse.m2e.core.internal.embedder.MavenExecutionContext.executeBare(MavenExecutionContext.java:177)
	at org.eclipse.m2e.core.internal.embedder.MavenExecutionContext.execute(MavenExecutionContext.java:112)
	at org.eclipse.m2e.core.internal.embedder.MavenExecutionContext.execute(MavenExecutionContext.java:99)
	at org.eclipse.m2e.core.internal.embedder.MavenImpl.resolve(MavenImpl.java:731)
	at org.eclipse.m2e.core.internal.embedder.MavenImpl.resolve(MavenImpl.java:708)
	at org.eclipse.m2e.jdt.internal.DownloadSourcesJob.download(DownloadSourcesJob.java:279)
	at org.eclipse.m2e.jdt.internal.DownloadSourcesJob.downloadAttachments(DownloadSourcesJob.java:265)
	at org.eclipse.m2e.jdt.internal.DownloadSourcesJob.downloadMaven(DownloadSourcesJob.java:221)
	at org.eclipse.m2e.jdt.internal.DownloadSourcesJob.run(DownloadSourcesJob.java:161)
	at org.eclipse.m2e.jdt.internal.DownloadSourcesJob$1.call(DownloadSourcesJob.java:137)
	at org.eclipse.m2e.jdt.internal.DownloadSourcesJob$1.call(DownloadSourcesJob.java:1)
	at org.eclipse.m2e.core.internal.embedder.MavenExecutionContext.executeBare(MavenExecutionContext.java:177)
	at org.eclipse.m2e.core.internal.embedder.MavenExecutionContext.execute(MavenExecutionContext.java:151)
	at org.eclipse.m2e.core.internal.embedder.MavenExecutionContext.execute(MavenExecutionContext.java:99)
	at org.eclipse.m2e.core.internal.embedder.MavenImpl.execute(MavenImpl.java:1336)
	at org.eclipse.m2e.jdt.internal.DownloadSourcesJob.run(DownloadSourcesJob.java:135)
	at org.eclipse.core.internal.jobs.Worker.run(Worker.java:63)
Contains: Missing com.google.code.findbugs:jsr305:jar:javadoc:1.3.9
!SUBENTRY 1 org.eclipse.m2e.core 4 -1 2019-03-25 14:43:10.913
!MESSAGE Could not resolve artifact com.google.code.findbugs:jsr305:jar:javadoc:1.3.9
!SUBENTRY 2 org.eclipse.m2e.core 4 -1 2019-03-25 14:43:10.913
!MESSAGE Missing com.google.code.findbugs:jsr305:jar:javadoc:1.3.9
